<?xml version="1.0" encoding="UTF-8"?>
<Site BuildName="Darwin-c++"
	BuildStamp="20250117-1122-Experimental"
	Name="MacBookAir"
	Generator="ctest-3.31.3"
	CompilerName="/Library/Developer/CommandLineTools/usr/bin/c++"
	CompilerVersion="16.0.0.16000026"
	OSName="macOS"
	Hostname="Szymon.local"
	OSRelease="15.1.1"
	OSVersion="24B91"
	OSPlatform="arm64"
	Is64Bits="1"
	VendorString="Apple"
	VendorID="Apple"
	FamilyID="0"
	ModelID="0"
	ModelName="Apple M1"
	ProcessorCacheSize="131072"
	NumberOfLogicalCPU="8"
	NumberOfPhysicalCPU="8"
	TotalVirtualMemory="0"
	TotalPhysicalMemory="16384"
	LogicalProcessorsPerPhysical="8"
	ProcessorClockFrequency="0"
	>
	<Testing>
		<StartDateTime>Jan 17 12:22 CET</StartDateTime>
		<StartTestTime>1737112977</StartTestTime>
		<TestList/>
		<EndDateTime>Jan 17 12:22 CET</EndDateTime>
		<EndTestTime>1737112977</EndTestTime>
		<ElapsedMinutes>0</ElapsedMinutes>
	</Testing>
</Site>
